<?xml version="1.0" encoding="UTF-8"?>
<testng-results skipped="0" failed="1" total="4" passed="3">
  <reporter-output>
  </reporter-output>
  <suite name="Suite" duration-ms="68542" started-at="2019-01-19T05:56:01Z" finished-at="2019-01-19T05:57:09Z">
    <groups>
    </groups>
    <test name="Test" duration-ms="68542" started-at="2019-01-19T05:56:01Z" finished-at="2019-01-19T05:57:09Z">
      <class name="com.automationpractice.test.NewTest">
        <test-method status="PASS" signature="setUpReport()[pri:0, instance:com.automationpractice.test.NewTest@14ddd49]" name="setUpReport" is-config="true" duration-ms="37654" started-at="2019-01-19T11:26:01Z" finished-at="2019-01-19T11:26:38Z">
          <reporter-output>
          </reporter-output>
        </test-method> <!-- setUpReport -->
        <test-method status="PASS" signature="f()[pri:0, instance:com.automationpractice.test.NewTest@14ddd49]" name="f" duration-ms="6373" started-at="2019-01-19T11:26:38Z" finished-at="2019-01-19T11:26:45Z">
          <reporter-output>
          </reporter-output>
        </test-method> <!-- f -->
        <test-method status="PASS" signature="checkStatus(org.testng.ITestResult)[pri:0, instance:com.automationpractice.test.NewTest@14ddd49]" name="checkStatus" is-config="true" duration-ms="12" started-at="2019-01-19T11:26:45Z" finished-at="2019-01-19T11:26:45Z">
          <params>
            <param index="0">
              <value>
                <![CDATA[[TestResult name=f status=SUCCESS method=NewTest.f()[pri:0, instance:com.automationpractice.test.NewTest@14ddd49] output={null}]]]>
              </value>
            </param>
          </params>
          <reporter-output>
          </reporter-output>
        </test-method> <!-- checkStatus -->
        <test-method status="FAIL" signature="idDispalyed()[pri:0, instance:com.automationpractice.test.NewTest@14ddd49]" name="idDispalyed" duration-ms="20164" started-at="2019-01-19T11:26:45Z" finished-at="2019-01-19T11:27:05Z">
          <exception class="org.openqa.selenium.NoSuchElementException">
            <message>
              <![CDATA[no such element: Unable to locate element: {"method":"xpath","selector":"//*[@id='homeslider']/li[2]/div/p[2]/button"}
  (Session info: chrome=71.0.3578.98)
  (Driver info: chromedriver=2.45.615291 (ec3682e3c9061c10f26ea9e5cdcf3c53f3f74387),platform=Windows NT 6.1.7600 x86) (WARNING: The server did not provide any stacktrace information)
Command duration or timeout: 20.12 seconds
For documentation on this error, please visit: http://seleniumhq.org/exceptions/no_such_element.html
Build info: version: '2.53.1', revision: 'a36b8b1cd5757287168e54b817830adce9b0158d', time: '2016-06-30 19:26:09'
System info: host: 'Siva-PC', ip: '192.168.1.5', os.name: 'Windows 7', os.arch: 'x86', os.version: '6.1', java.version: '1.8.0_102'
Driver info: org.openqa.selenium.chrome.ChromeDriver
Capabilities [{mobileEmulationEnabled=false, timeouts={implicit=0, pageLoad=300000, script=30000}, hasTouchScreen=false, platform=XP, acceptSslCerts=false, goog:chromeOptions={debuggerAddress=localhost:50164}, acceptInsecureCerts=false, webStorageEnabled=true, browserName=chrome, takesScreenshot=true, javascriptEnabled=true, setWindowRect=true, unexpectedAlertBehaviour=ignore, applicationCacheEnabled=false, rotatable=false, networkConnectionEnabled=false, chrome={chromedriverVersion=2.45.615291 (ec3682e3c9061c10f26ea9e5cdcf3c53f3f74387), userDataDir=C:\Users\Siva\AppData\Local\Temp\scoped_dir3060_27039}, takesHeapSnapshot=true, pageLoadStrategy=normal, strictFileInteractability=false, databaseEnabled=false, handlesAlerts=true, version=71.0.3578.98, browserConnectionEnabled=false, proxy={}, nativeEvents=true, locationContextEnabled=true, cssSelectorsEnabled=true}]
Session ID: 3f38239ea98ed530c7a12eae700fc1b6
*** Element info: {Using=xpath, value=//*[@id='homeslider']/li[2]/div/p[2]/button}]]>
            </message>
            <full-stacktrace>
              <![CDATA[org.openqa.selenium.NoSuchElementException: no such element: Unable to locate element: {"method":"xpath","selector":"//*[@id='homeslider']/li[2]/div/p[2]/button"}
  (Session info: chrome=71.0.3578.98)
  (Driver info: chromedriver=2.45.615291 (ec3682e3c9061c10f26ea9e5cdcf3c53f3f74387),platform=Windows NT 6.1.7600 x86) (WARNING: The server did not provide any stacktrace information)
Command duration or timeout: 20.12 seconds
For documentation on this error, please visit: http://seleniumhq.org/exceptions/no_such_element.html
Build info: version: '2.53.1', revision: 'a36b8b1cd5757287168e54b817830adce9b0158d', time: '2016-06-30 19:26:09'
System info: host: 'Siva-PC', ip: '192.168.1.5', os.name: 'Windows 7', os.arch: 'x86', os.version: '6.1', java.version: '1.8.0_102'
Driver info: org.openqa.selenium.chrome.ChromeDriver
Capabilities [{mobileEmulationEnabled=false, timeouts={implicit=0, pageLoad=300000, script=30000}, hasTouchScreen=false, platform=XP, acceptSslCerts=false, goog:chromeOptions={debuggerAddress=localhost:50164}, acceptInsecureCerts=false, webStorageEnabled=true, browserName=chrome, takesScreenshot=true, javascriptEnabled=true, setWindowRect=true, unexpectedAlertBehaviour=ignore, applicationCacheEnabled=false, rotatable=false, networkConnectionEnabled=false, chrome={chromedriverVersion=2.45.615291 (ec3682e3c9061c10f26ea9e5cdcf3c53f3f74387), userDataDir=C:\Users\Siva\AppData\Local\Temp\scoped_dir3060_27039}, takesHeapSnapshot=true, pageLoadStrategy=normal, strictFileInteractability=false, databaseEnabled=false, handlesAlerts=true, version=71.0.3578.98, browserConnectionEnabled=false, proxy={}, nativeEvents=true, locationContextEnabled=true, cssSelectorsEnabled=true}]
Session ID: 3f38239ea98ed530c7a12eae700fc1b6
*** Element info: {Using=xpath, value=//*[@id='homeslider']/li[2]/div/p[2]/button}
	at sun.reflect.NativeConstructorAccessorImpl.newInstance0(Native Method)
	at sun.reflect.NativeConstructorAccessorImpl.newInstance(Unknown Source)
	at sun.reflect.DelegatingConstructorAccessorImpl.newInstance(Unknown Source)
	at java.lang.reflect.Constructor.newInstance(Unknown Source)
	at org.openqa.selenium.remote.ErrorHandler.createThrowable(ErrorHandler.java:206)
	at org.openqa.selenium.remote.ErrorHandler.throwIfResponseFailed(ErrorHandler.java:158)
	at org.openqa.selenium.remote.RemoteWebDriver.execute(RemoteWebDriver.java:678)
	at org.openqa.selenium.remote.RemoteWebDriver.findElement(RemoteWebDriver.java:363)
	at org.openqa.selenium.remote.RemoteWebDriver.findElementByXPath(RemoteWebDriver.java:500)
	at org.openqa.selenium.By$ByXPath.findElement(By.java:361)
	at org.openqa.selenium.remote.RemoteWebDriver.findElement(RemoteWebDriver.java:355)
	at com.automationpractice.test.NewTest.idDispalyed(NewTest.java:83)
	at sun.reflect.NativeMethodAccessorImpl.invoke0(Native Method)
	at sun.reflect.NativeMethodAccessorImpl.invoke(Unknown Source)
	at sun.reflect.DelegatingMethodAccessorImpl.invoke(Unknown Source)
	at java.lang.reflect.Method.invoke(Unknown Source)
	at org.testng.internal.MethodInvocationHelper.invokeMethod(MethodInvocationHelper.java:80)
	at org.testng.internal.Invoker.invokeMethod(Invoker.java:714)
	at org.testng.internal.Invoker.invokeTestMethod(Invoker.java:901)
	at org.testng.internal.Invoker.invokeTestMethods(Invoker.java:1231)
	at org.testng.internal.TestMethodWorker.invokeTestMethods(TestMethodWorker.java:127)
	at org.testng.internal.TestMethodWorker.run(TestMethodWorker.java:111)
	at org.testng.TestRunner.privateRun(TestRunner.java:767)
	at org.testng.TestRunner.run(TestRunner.java:617)
	at org.testng.SuiteRunner.runTest(SuiteRunner.java:334)
	at org.testng.SuiteRunner.runSequentially(SuiteRunner.java:329)
	at org.testng.SuiteRunner.privateRun(SuiteRunner.java:291)
	at org.testng.SuiteRunner.run(SuiteRunner.java:240)
	at org.testng.SuiteRunnerWorker.runSuite(SuiteRunnerWorker.java:52)
	at org.testng.SuiteRunnerWorker.run(SuiteRunnerWorker.java:86)
	at org.testng.TestNG.runSuitesSequentially(TestNG.java:1198)
	at org.testng.TestNG.runSuitesLocally(TestNG.java:1123)
	at org.testng.TestNG.run(TestNG.java:1031)
	at org.testng.remote.AbstractRemoteTestNG.run(AbstractRemoteTestNG.java:114)
	at org.testng.remote.RemoteTestNG.initAndRun(RemoteTestNG.java:251)
	at org.testng.remote.RemoteTestNG.main(RemoteTestNG.java:77)
]]>
            </full-stacktrace>
          </exception> <!-- org.openqa.selenium.NoSuchElementException -->
          <reporter-output>
          </reporter-output>
        </test-method> <!-- idDispalyed -->
        <test-method status="PASS" signature="checkStatus(org.testng.ITestResult)[pri:0, instance:com.automationpractice.test.NewTest@14ddd49]" name="checkStatus" is-config="true" duration-ms="835" started-at="2019-01-19T11:27:05Z" finished-at="2019-01-19T11:27:06Z">
          <params>
            <param index="0">
              <value>
                <![CDATA[[TestResult name=idDispalyed status=FAILURE method=NewTest.idDispalyed()[pri:0, instance:com.automationpractice.test.NewTest@14ddd49] output={null}]]]>
              </value>
            </param>
          </params>
          <reporter-output>
          </reporter-output>
        </test-method> <!-- checkStatus -->
        <test-method status="PASS" signature="logOff1()[pri:0, instance:com.automationpractice.test.NewTest@14ddd49]" name="logOff1" duration-ms="3" started-at="2019-01-19T11:27:06Z" finished-at="2019-01-19T11:27:06Z">
          <reporter-output>
          </reporter-output>
        </test-method> <!-- logOff1 -->
        <test-method status="PASS" signature="checkStatus(org.testng.ITestResult)[pri:0, instance:com.automationpractice.test.NewTest@14ddd49]" name="checkStatus" is-config="true" duration-ms="0" started-at="2019-01-19T11:27:06Z" finished-at="2019-01-19T11:27:06Z">
          <params>
            <param index="0">
              <value>
                <![CDATA[[TestResult name=logOff1 status=SUCCESS method=NewTest.logOff1()[pri:0, instance:com.automationpractice.test.NewTest@14ddd49] output={null}]]]>
              </value>
            </param>
          </params>
          <reporter-output>
          </reporter-output>
        </test-method> <!-- checkStatus -->
        <test-method status="PASS" signature="logOff2()[pri:0, instance:com.automationpractice.test.NewTest@14ddd49]" name="logOff2" duration-ms="3" started-at="2019-01-19T11:27:06Z" finished-at="2019-01-19T11:27:06Z">
          <reporter-output>
          </reporter-output>
        </test-method> <!-- logOff2 -->
        <test-method status="PASS" signature="checkStatus(org.testng.ITestResult)[pri:0, instance:com.automationpractice.test.NewTest@14ddd49]" name="checkStatus" is-config="true" duration-ms="1" started-at="2019-01-19T11:27:06Z" finished-at="2019-01-19T11:27:06Z">
          <params>
            <param index="0">
              <value>
                <![CDATA[[TestResult name=logOff2 status=SUCCESS method=NewTest.logOff2()[pri:0, instance:com.automationpractice.test.NewTest@14ddd49] output={null}]]]>
              </value>
            </param>
          </params>
          <reporter-output>
          </reporter-output>
        </test-method> <!-- checkStatus -->
        <test-method status="PASS" signature="tearDown()[pri:0, instance:com.automationpractice.test.NewTest@14ddd49]" name="tearDown" is-config="true" duration-ms="3430" started-at="2019-01-19T11:27:06Z" finished-at="2019-01-19T11:27:09Z">
          <reporter-output>
          </reporter-output>
        </test-method> <!-- tearDown -->
      </class> <!-- com.automationpractice.test.NewTest -->
    </test> <!-- Test -->
  </suite> <!-- Suite -->
</testng-results>
